<?xml version="1.0" encoding="UTF-8"?>
<!-- Generated by org.testng.reporters.JUnitReportReporter -->
<testsuite hostname="LAPTOP-5OG2MH5D" failures="0" tests="1" name="extentReport.ScreenshotInExtentReport2" time="10.136" errors="0" timestamp="2024-09-01T21:52:22 IST" skipped="0">
  <testcase classname="extentReport.ScreenshotInExtentReport2" name="TakesScreenshotmethod" time="10.136"/>
  <system-out/>
</testsuite> <!-- extentReport.ScreenshotInExtentReport2 -->
