<?xml version="1.0" encoding="UTF-8"?>
<!-- Generated by org.testng.reporters.JUnitReportReporter -->
<testsuite hostname="LAPTOP-5OG2MH5D" failures="0" tests="3" name="dataProviderInTestng.DataSupplier" time="0.009" errors="0" timestamp="2024-08-04T19:57:21 IST" skipped="0">
  <testcase classname="dataProviderInTestng.DataSupplier" name="Test" time="0.001"/>
  <system-out/>
  <testcase classname="dataProviderInTestng.DataSupplier" name="Test" time="0.006"/>
  <system-out/>
  <testcase classname="dataProviderInTestng.DataSupplier" name="Test" time="0.002"/>
  <system-out/>
</testsuite> <!-- dataProviderInTestng.DataSupplier -->
