<?xml version="1.0" encoding="UTF-8"?>
<!-- Generated by org.testng.reporters.JUnitReportReporter -->
<testsuite hostname="LAPTOP-5OG2MH5D" failures="0" tests="5" name="groupingInTestng.DemoTest1" time="0.014" errors="0" timestamp="2024-08-08T21:57:39 IST" skipped="0">
  <testcase classname="groupingInTestng.DemoTest1" name="TC004" time="0.001"/>
  <system-out/>
  <testcase classname="groupingInTestng.DemoTest1" name="TC001" time="0.010"/>
  <system-out/>
  <testcase classname="groupingInTestng.DemoTest1" name="TC002" time="0.001"/>
  <system-out/>
  <testcase classname="groupingInTestng.DemoTest1" name="TC003" time="0.001"/>
  <system-out/>
  <testcase classname="groupingInTestng.DemoTest1" name="TC005" time="0.001"/>
  <system-out/>
</testsuite> <!-- groupingInTestng.DemoTest1 -->
