<?xml version="1.0" encoding="UTF-8"?>
<!-- Generated by org.testng.reporters.JUnitReportReporter -->
<testsuite hostname="LAPTOP-5OG2MH5D" failures="0" tests="5" name="dependencyInTestng.DemoTest1" time="0.005" errors="0" timestamp="2024-08-03T21:39:15 IST" skipped="0">
  <testcase classname="dependencyInTestng.DemoTest1" name="TC005" time="0.001"/>
  <system-out/>
  <testcase classname="dependencyInTestng.DemoTest1" name="TC004" time="0.001"/>
  <system-out/>
  <testcase classname="dependencyInTestng.DemoTest1" name="TC002" time="0.002"/>
  <system-out/>
  <testcase classname="dependencyInTestng.DemoTest1" name="TC001" time="0.001"/>
  <system-out/>
  <testcase classname="dependencyInTestng.DemoTest1" name="TC003" time="0.000"/>
  <system-out/>
</testsuite> <!-- dependencyInTestng.DemoTest1 -->
