<?xml version="1.0" encoding="UTF-8"?>
<!-- Generated by org.testng.reporters.JUnitReportReporter -->
<testsuite hostname="LAPTOP-5OG2MH5D" failures="0" tests="4" name="testNGCode.DemoTest2" time="2.685" errors="0" timestamp="2024-07-29T13:46:47 IST" skipped="0">
  <testcase classname="testNGCode.DemoTest2" name="verifyLogin" time="0.046"/>
  <system-out/>
  <testcase classname="testNGCode.DemoTest2" name="login" time="2.583"/>
  <system-out/>
  <testcase classname="testNGCode.DemoTest2" name="verifyLogin1" time="0.032"/>
  <system-out/>
  <testcase classname="testNGCode.DemoTest2" name="verifyLogin2" time="0.024"/>
  <system-out/>
</testsuite> <!-- testNGCode.DemoTest2 -->
