<?xml version="1.0" encoding="UTF-8"?>
<!-- Generated by org.testng.reporters.JUnitReportReporter -->
<testsuite hostname="LAPTOP-5OG2MH5D" failures="0" tests="1" name="testClass.LoginTest2" time="0.845" errors="0" timestamp="2024-09-09T11:35:13 IST" skipped="0">
  <testcase classname="testClass.LoginTest2" name="loginPageTest" time="0.845"/>
  <system-out/>
</testsuite> <!-- testClass.LoginTest2 -->
