<?xml version="1.0" encoding="UTF-8"?>
<!-- Generated by org.testng.reporters.JUnitReportReporter -->
<testsuite hostname="LAPTOP-5OG2MH5D" failures="0" tests="5" name="dataProviderInTestng.DataSupplierObject" time="0.006" errors="0" timestamp="2024-08-05T11:40:09 IST" skipped="0">
  <testcase classname="dataProviderInTestng.DataSupplierObject" name="User" time="0.000"/>
  <system-out/>
  <testcase classname="dataProviderInTestng.DataSupplierObject" name="User" time="0.004"/>
  <system-out/>
  <testcase classname="dataProviderInTestng.DataSupplierObject" name="User" time="0.001"/>
  <system-out/>
  <testcase classname="dataProviderInTestng.DataSupplierObject" name="User" time="0.000"/>
  <system-out/>
  <testcase classname="dataProviderInTestng.DataSupplierObject" name="User" time="0.001"/>
  <system-out/>
</testsuite> <!-- dataProviderInTestng.DataSupplierObject -->
