<?xml version="1.0" encoding="UTF-8"?>
<!-- Generated by org.testng.reporters.JUnitReportReporter -->
<testsuite hostname="LAPTOP-5OG2MH5D" failures="0" tests="3" name="dataProviderInTestng.Invoke" time="17.111" errors="0" timestamp="2024-08-05T16:31:55 IST" skipped="0">
  <testcase classname="dataProviderInTestng.Invoke" name="Randomuser" time="6.232"/>
  <system-out/>
  <testcase classname="dataProviderInTestng.Invoke" name="Randomuser" time="5.535"/>
  <system-out/>
  <testcase classname="dataProviderInTestng.Invoke" name="Randomuser" time="5.344"/>
  <system-out/>
</testsuite> <!-- dataProviderInTestng.Invoke -->
