<?xml version="1.0" encoding="UTF-8"?>
<!-- Generated by org.testng.reporters.JUnitReportReporter -->
<testsuite hostname="LAPTOP-5OG2MH5D" failures="0" tests="4" name="dataProviderInTestng.TestFireDataUserWithExcel" time="28.846" errors="0" timestamp="2024-08-14T15:12:11 IST" skipped="0">
  <testcase classname="dataProviderInTestng.TestFireDataUserWithExcel" name="Login" time="6.523"/>
  <system-out/>
  <testcase classname="dataProviderInTestng.TestFireDataUserWithExcel" name="Login" time="8.922"/>
  <system-out/>
  <testcase classname="dataProviderInTestng.TestFireDataUserWithExcel" name="Login" time="6.204"/>
  <system-out/>
  <testcase classname="dataProviderInTestng.TestFireDataUserWithExcel" name="Login" time="7.197"/>
  <system-out/>
</testsuite> <!-- dataProviderInTestng.TestFireDataUserWithExcel -->
