<?xml version="1.0" encoding="UTF-8"?>
<!-- Generated by org.testng.reporters.JUnitReportReporter -->
<testsuite hostname="LAPTOP-5OG2MH5D" failures="0" tests="6" name="priorityInTestng.PriorityForFlightReservByxml" time="0.013" errors="0" timestamp="2024-08-01T15:51:44 IST" skipped="0">
  <testcase classname="priorityInTestng.PriorityForFlightReservByxml" name="SignIn" time="0.007"/>
  <system-out/>
  <testcase classname="priorityInTestng.PriorityForFlightReservByxml" name="Login" time="0.001"/>
  <system-out/>
  <testcase classname="priorityInTestng.PriorityForFlightReservByxml" name="SearchFlight" time="0.002"/>
  <system-out/>
  <testcase classname="priorityInTestng.PriorityForFlightReservByxml" name="BookFlight" time="0.001"/>
  <system-out/>
  <testcase classname="priorityInTestng.PriorityForFlightReservByxml" name="SaveTicket" time="0.001"/>
  <system-out/>
  <testcase classname="priorityInTestng.PriorityForFlightReservByxml" name="Logout" time="0.001"/>
  <system-out/>
</testsuite> <!-- priorityInTestng.PriorityForFlightReservByxml -->
