<?xml version="1.0" encoding="UTF-8"?>
<!-- Generated by org.testng.reporters.JUnitReportReporter -->
<testsuite hostname="LAPTOP-5OG2MH5D" failures="0" tests="1" name="extentReport.ScreenshotInExtentReport" time="4.998" errors="0" timestamp="2024-09-01T21:37:30 IST" skipped="0">
  <testcase classname="extentReport.ScreenshotInExtentReport" name="TakesScreenshotmethod" time="4.998"/>
  <system-out/>
</testsuite> <!-- extentReport.ScreenshotInExtentReport -->
