<?xml version="1.0" encoding="UTF-8"?>
<!-- Generated by org.testng.reporters.JUnitReportReporter -->
<testsuite hostname="LAPTOP-5OG2MH5D" failures="0" tests="5" name="enableDesable.Test2" time="0.006" errors="0" timestamp="2024-08-03T18:16:45 IST" skipped="2">
  <testcase classname="enableDesable.Test2" name="TC007" time="0.005"/>
  <system-out/>
  <testcase classname="enableDesable.Test2" name="TC009" time="0.001"/>
  <system-out/>
  <testcase classname="enableDesable.Test2" name="TC010" time="0.000"/>
  <system-out/>
  <testcase classname="enableDesable.Test2" name="TC006">
    <skipped/>
  </testcase> <!-- TC006 -->
  <system-out/>
  <testcase classname="enableDesable.Test2" name="TC008">
    <skipped/>
  </testcase> <!-- TC008 -->
  <system-out/>
</testsuite> <!-- enableDesable.Test2 -->
