<?xml version="1.0" encoding="UTF-8"?>
<!-- Generated by org.testng.reporters.JUnitReportReporter -->
<testsuite hostname="LAPTOP-5OG2MH5D" failures="0" tests="3" name="groupingInTestng.DemoTest2" time="0.003" errors="0" timestamp="2024-08-03T19:11:08 IST" skipped="0">
  <testcase classname="groupingInTestng.DemoTest2" name="TC010" time="0.001"/>
  <system-out/>
  <testcase classname="groupingInTestng.DemoTest2" name="TC006" time="0.001"/>
  <system-out/>
  <testcase classname="groupingInTestng.DemoTest2" name="TC007" time="0.001"/>
  <system-out/>
</testsuite> <!-- groupingInTestng.DemoTest2 -->
