<?xml version="1.0" encoding="UTF-8"?>
<!-- Generated by org.testng.reporters.JUnitReportReporter -->
<testsuite hostname="LAPTOP-5OG2MH5D" failures="0" tests="1" name="testNGCode.DemoTest" time="2.838" errors="0" timestamp="2024-09-14T13:04:22 IST" skipped="0">
  <testcase classname="testNGCode.DemoTest" name="login" time="2.838"/>
  <system-out/>
</testsuite> <!-- testNGCode.DemoTest -->
