<?xml version="1.0" encoding="UTF-8"?>
<!-- Generated by org.testng.reporters.JUnitReportReporter -->
<testsuite hostname="LAPTOP-5OG2MH5D" failures="0" tests="5" name="dependencyInTestng.DemoTest2" time="0.011" errors="0" timestamp="2024-08-03T21:39:15 IST" skipped="0">
  <testcase classname="dependencyInTestng.DemoTest2" name="TC007" time="0.001"/>
  <system-out/>
  <testcase classname="dependencyInTestng.DemoTest2" name="TC008" time="0.001"/>
  <system-out/>
  <testcase classname="dependencyInTestng.DemoTest2" name="TC006" time="0.007"/>
  <system-out/>
  <testcase classname="dependencyInTestng.DemoTest2" name="TC010" time="0.001"/>
  <system-out/>
  <testcase classname="dependencyInTestng.DemoTest2" name="TC009" time="0.001"/>
  <system-out/>
</testsuite> <!-- dependencyInTestng.DemoTest2 -->
