<?xml version="1.0" encoding="UTF-8"?>
<!-- Generated by org.testng.reporters.JUnitReportReporter -->
<testsuite hostname="LAPTOP-5OG2MH5D" failures="0" tests="5" name="enableDesable.Test1" time="0.010" errors="0" timestamp="2024-08-03T18:13:06 IST" skipped="1">
  <testcase classname="enableDesable.Test1" name="TC001" time="0.008"/>
  <system-out/>
  <testcase classname="enableDesable.Test1" name="TC004" time="0.001"/>
  <system-out/>
  <testcase classname="enableDesable.Test1" name="TC005" time="0.001"/>
  <system-out/>
  <testcase classname="enableDesable.Test1" name="TC002" time="0.000"/>
  <system-out/>
  <testcase classname="enableDesable.Test1" name="TC003">
    <skipped/>
  </testcase> <!-- TC003 -->
  <system-out/>
</testsuite> <!-- enableDesable.Test1 -->
