<?xml version="1.0" encoding="UTF-8"?>
<!-- Generated by org.testng.reporters.JUnitReportReporter -->
<testsuite hostname="LAPTOP-5OG2MH5D" failures="0" tests="1" name="practice.DatePicker" time="4.702" errors="0" timestamp="2024-08-02T15:52:22 IST" skipped="0">
  <testcase classname="practice.DatePicker" name="datepicker" time="4.702"/>
  <system-out/>
</testsuite> <!-- practice.DatePicker -->
