<?xml version="1.0" encoding="UTF-8"?>
<!-- Generated by org.testng.reporters.JUnitReportReporter -->
<testsuite hostname="LAPTOP-5OG2MH5D" failures="0" tests="1" name="dataProviderInTestng.WorkingWithExcel" time="0.491" errors="0" timestamp="2024-08-12T22:19:39 IST" skipped="0">
  <testcase classname="dataProviderInTestng.WorkingWithExcel" name="excelCode" time="0.491"/>
  <system-out/>
</testsuite> <!-- dataProviderInTestng.WorkingWithExcel -->
