<?xml version="1.0" encoding="UTF-8"?>
<!-- Generated by org.testng.reporters.JUnitReportReporter -->
<testsuite hostname="LAPTOP-5OG2MH5D" failures="0" tests="1" name="testNGCode.Datepicker" time="7.785" errors="0" timestamp="2024-07-25T15:10:32 IST" skipped="0">
  <testcase classname="testNGCode.Datepicker" name="datepicker" time="7.785"/>
  <system-out/>
</testsuite> <!-- testNGCode.Datepicker -->
