<?xml version="1.0" encoding="UTF-8"?>
<!-- Generated by org.testng.reporters.JUnitReportReporter -->
<testsuite hostname="LAPTOP-5OG2MH5D" failures="0" tests="1" name="extentReport.LogEventInExtent" time="0.509" errors="0" timestamp="2024-09-01T17:17:18 IST" skipped="0">
  <testcase classname="extentReport.LogEventInExtent" name="ExtentTest" time="0.509"/>
  <system-out/>
</testsuite> <!-- extentReport.LogEventInExtent -->
