<?xml version="1.0" encoding="UTF-8"?>
<!-- Generated by org.testng.reporters.JUnitReportReporter -->
<testsuite hostname="LAPTOP-5OG2MH5D" failures="0" tests="2" name="dataProviderInTestng.DataSupplier1" time="0.004" errors="0" timestamp="2024-08-05T11:35:41 IST" skipped="0">
  <testcase classname="dataProviderInTestng.DataSupplier1" name="Datauser" time="0.000"/>
  <system-out/>
  <testcase classname="dataProviderInTestng.DataSupplier1" name="Datauser" time="0.004"/>
  <system-out/>
</testsuite> <!-- dataProviderInTestng.DataSupplier1 -->
