<?xml version="1.0" encoding="UTF-8"?>
<!-- Generated by org.testng.reporters.JUnitReportReporter -->
<testsuite hostname="LAPTOP-5OG2MH5D" failures="0" tests="2" name="testNGCode.NewProject" time="121.799" errors="0" timestamp="2024-07-29T13:05:00 IST" skipped="0">
  <testcase classname="testNGCode.NewProject" name="login" time="6.387"/>
  <system-out/>
  <testcase classname="testNGCode.NewProject" name="launchBrowser" time="115.412"/>
  <system-out/>
</testsuite> <!-- testNGCode.NewProject -->
