<?xml version="1.0" encoding="UTF-8"?>
<!-- Generated by org.testng.reporters.JUnitReportReporter -->
<testsuite hostname="LAPTOP-5OG2MH5D" failures="0" tests="3" name="dataProviderInTestng.DataProvider2D" time="0.009" errors="0" timestamp="2024-08-05T12:17:47 IST" skipped="0">
  <testcase classname="dataProviderInTestng.DataProvider2D" name="DataUser" time="0.001"/>
  <system-out/>
  <testcase classname="dataProviderInTestng.DataProvider2D" name="DataUser" time="0.005"/>
  <system-out/>
  <testcase classname="dataProviderInTestng.DataProvider2D" name="DataUser" time="0.003"/>
  <system-out/>
</testsuite> <!-- dataProviderInTestng.DataProvider2D -->
