<?xml version="1.0" encoding="UTF-8"?>
<!-- Generated by org.testng.reporters.JUnitReportReporter -->
<testsuite hostname="LAPTOP-5OG2MH5D" failures="0" tests="3" name="groupingInTestng.DemoTest3" time="0.001" errors="0" timestamp="2024-08-03T19:11:08 IST" skipped="0">
  <testcase classname="groupingInTestng.DemoTest3" name="TC011" time="0.000"/>
  <system-out/>
  <testcase classname="groupingInTestng.DemoTest3" name="TC012" time="0.001"/>
  <system-out/>
  <testcase classname="groupingInTestng.DemoTest3" name="TC015" time="0.000"/>
  <system-out/>
</testsuite> <!-- groupingInTestng.DemoTest3 -->
