<?xml version="1.0" encoding="UTF-8"?>
<!-- Generated by org.testng.reporters.JUnitReportReporter -->
<testsuite hostname="LAPTOP-5OG2MH5D" failures="0" tests="5" name="ignoreInTestng.IgnoreInTest2" time="0.004" errors="0" timestamp="2024-08-03T17:23:59 IST" skipped="2">
  <testcase classname="ignoreInTestng.IgnoreInTest2" name="TC008" time="0.001"/>
  <system-out/>
  <testcase classname="ignoreInTestng.IgnoreInTest2" name="TC0010" time="0.001"/>
  <system-out/>
  <testcase classname="ignoreInTestng.IgnoreInTest2" name="TC006" time="0.002"/>
  <system-out/>
  <testcase classname="ignoreInTestng.IgnoreInTest2" name="TC009">
    <skipped/>
  </testcase> <!-- TC009 -->
  <system-out/>
  <testcase classname="ignoreInTestng.IgnoreInTest2" name="TC007">
    <skipped/>
  </testcase> <!-- TC007 -->
  <system-out/>
</testsuite> <!-- ignoreInTestng.IgnoreInTest2 -->
