<?xml version="1.0" encoding="UTF-8"?>
<!-- Generated by org.testng.reporters.JUnitReportReporter -->
<testsuite hostname="LAPTOP-5OG2MH5D" failures="0" tests="1" name="practice.UploadFile" time="0.064" errors="0" timestamp="2024-08-01T22:53:47 IST" skipped="0">
  <testcase classname="practice.UploadFile" name="UploadFile" time="0.064"/>
  <system-out/>
</testsuite> <!-- practice.UploadFile -->
