<?xml version="1.0" encoding="UTF-8"?>
<!-- Generated by org.testng.reporters.JUnitReportReporter -->
<testsuite hostname="LAPTOP-5OG2MH5D" failures="0" tests="3" name="dataProviderInTestng.DataProvider2D" time="0.008" errors="0" timestamp="2024-09-10T14:03:06 IST" skipped="0">
  <testcase classname="dataProviderInTestng.DataProvider2D" name="DataUser" time="0.005"/>
  <system-out/>
  <testcase classname="dataProviderInTestng.DataProvider2D" name="DataUser" time="0.001"/>
  <system-out/>
  <testcase classname="dataProviderInTestng.DataProvider2D" name="DataUser" time="0.002"/>
  <system-out/>
</testsuite> <!-- dataProviderInTestng.DataProvider2D -->
