<?xml version="1.0" encoding="UTF-8"?>
<!-- Generated by org.testng.reporters.JUnitReportReporter -->
<testsuite hostname="LAPTOP-5OG2MH5D" failures="0" tests="2" name="testNGCode.DemoTest" time="3.111" errors="0" timestamp="2024-08-21T14:54:26 IST" skipped="0">
  <testcase classname="testNGCode.DemoTest" name="login" time="3.083"/>
  <system-out/>
  <testcase classname="testNGCode.DemoTest" name="verifyLogin" time="0.028"/>
  <system-out/>
</testsuite> <!-- testNGCode.DemoTest -->
