<?xml version="1.0" encoding="UTF-8"?>
<!-- Generated by org.testng.reporters.JUnitReportReporter -->
<testsuite hostname="LAPTOP-5OG2MH5D" failures="0" tests="1" name="testNGCode.NewTest" time="0.005" errors="0" timestamp="2024-07-22T23:37:39 IST" skipped="0">
  <testcase classname="testNGCode.NewTest" name="f" time="0.005"/>
  <system-out/>
</testsuite> <!-- testNGCode.NewTest -->
