<?xml version="1.0" encoding="UTF-8"?>
<!-- Generated by org.testng.reporters.JUnitReportReporter -->
<testsuite hostname="LAPTOP-5OG2MH5D" failures="0" tests="5" name="ignoreInTestng.IgnoreInTest3" time="0.006" errors="0" timestamp="2024-08-03T17:23:59 IST" skipped="2">
  <testcase classname="ignoreInTestng.IgnoreInTest3" name="TC014" time="0.001"/>
  <system-out/>
  <testcase classname="ignoreInTestng.IgnoreInTest3" name="TC013" time="0.002"/>
  <system-out/>
  <testcase classname="ignoreInTestng.IgnoreInTest3" name="TC011" time="0.003"/>
  <system-out/>
  <testcase classname="ignoreInTestng.IgnoreInTest3" name="TC012">
    <skipped/>
  </testcase> <!-- TC012 -->
  <system-out/>
  <testcase classname="ignoreInTestng.IgnoreInTest3" name="TC015">
    <skipped/>
  </testcase> <!-- TC015 -->
  <system-out/>
</testsuite> <!-- ignoreInTestng.IgnoreInTest3 -->
