<?xml version="1.0" encoding="UTF-8"?>
<!-- Generated by org.testng.reporters.JUnitReportReporter -->
<testsuite hostname="LAPTOP-5OG2MH5D" failures="0" tests="4" name="dataProviderInTestng.TestFireDataUserWithExcel" time="22.125" errors="0" timestamp="2024-09-14T12:59:25 IST" skipped="0">
  <testcase classname="dataProviderInTestng.TestFireDataUserWithExcel" name="Login" time="5.743"/>
  <system-out/>
  <testcase classname="dataProviderInTestng.TestFireDataUserWithExcel" name="Login" time="5.640"/>
  <system-out/>
  <testcase classname="dataProviderInTestng.TestFireDataUserWithExcel" name="Login" time="5.178"/>
  <system-out/>
  <testcase classname="dataProviderInTestng.TestFireDataUserWithExcel" name="Login" time="5.564"/>
  <system-out/>
</testsuite> <!-- dataProviderInTestng.TestFireDataUserWithExcel -->
