<?xml version="1.0" encoding="UTF-8"?>
<!-- Generated by org.testng.reporters.JUnitReportReporter -->
<testsuite hostname="LAPTOP-5OG2MH5D" failures="0" tests="5" name="enableDesableInTestng.Test2" time="0.000" errors="0" timestamp="2024-09-14T12:59:25 IST" skipped="2">
  <testcase classname="enableDesableInTestng.Test2" name="TC007" time="0.000"/>
  <system-out/>
  <testcase classname="enableDesableInTestng.Test2" name="TC009" time="0.000"/>
  <system-out/>
  <testcase classname="enableDesableInTestng.Test2" name="TC010" time="0.000"/>
  <system-out/>
  <testcase classname="enableDesableInTestng.Test2" name="TC006">
    <skipped/>
  </testcase> <!-- TC006 -->
  <system-out/>
  <testcase classname="enableDesableInTestng.Test2" name="TC008">
    <skipped/>
  </testcase> <!-- TC008 -->
  <system-out/>
</testsuite> <!-- enableDesableInTestng.Test2 -->
