<?xml version="1.0" encoding="UTF-8"?>
<!-- Generated by org.testng.reporters.JUnitReportReporter -->
<testsuite hostname="LAPTOP-5OG2MH5D" failures="0" tests="2" name="testNGCode.DemoTest" time="2.481" errors="0" timestamp="2024-09-14T12:59:25 IST" skipped="0">
  <testcase classname="testNGCode.DemoTest" name="verifyLogin" time="0.029"/>
  <system-out/>
  <testcase classname="testNGCode.DemoTest" name="login" time="2.452"/>
  <system-out/>
</testsuite> <!-- testNGCode.DemoTest -->
