<?xml version="1.0" encoding="UTF-8"?>
<!-- Generated by org.testng.reporters.JUnitReportReporter -->
<testsuite hostname="LAPTOP-5OG2MH5D" failures="0" tests="3" name="ignoreInTestng.ScenarioTest" time="25.221" errors="0" timestamp="2024-09-14T12:59:25 IST" skipped="0">
  <testcase classname="ignoreInTestng.ScenarioTest" name="scroll" time="3.564"/>
  <system-out/>
  <testcase classname="ignoreInTestng.ScenarioTest" name="frame" time="14.238"/>
  <system-out/>
  <testcase classname="ignoreInTestng.ScenarioTest" name="windowhandle" time="7.419"/>
  <system-out/>
</testsuite> <!-- ignoreInTestng.ScenarioTest -->
