<?xml version="1.0" encoding="UTF-8"?>
<!-- Generated by org.testng.reporters.JUnitReportReporter -->
<testsuite hostname="LAPTOP-5OG2MH5D" failures="0" tests="1" name="testClass.LoginTest" time="1.165" errors="0" timestamp="2024-09-14T13:27:10 IST" skipped="0">
  <testcase classname="testClass.LoginTest" name="loginPageTest" time="1.165"/>
  <system-out/>
</testsuite> <!-- testClass.LoginTest -->
