<?xml version="1.0" encoding="UTF-8"?>
<!-- Generated by org.testng.reporters.JUnitReportReporter -->
<testsuite hostname="LAPTOP-5OG2MH5D" failures="0" tests="1" name="extentReport.ExtentReportTest" time="0.836" errors="0" timestamp="2024-09-14T13:27:10 IST" skipped="0">
  <testcase classname="extentReport.ExtentReportTest" name="extentTest" time="0.836"/>
  <system-out/>
</testsuite> <!-- extentReport.ExtentReportTest -->
