<?xml version="1.0" encoding="UTF-8"?>
<!-- Generated by org.testng.reporters.JUnitReportReporter -->
<testsuite hostname="LAPTOP-5OG2MH5D" failures="0" tests="4" name="listenerInTestng.TestClass" time="0.203" errors="1" timestamp="2024-09-14T13:27:10 IST" skipped="1">
  <testcase classname="listenerInTestng.TestClass" name="Test1" time="0.000"/>
  <system-out/>
  <testcase classname="listenerInTestng.TestClass" name="Test2" time="0.000"/>
  <system-out/>
  <testcase classname="listenerInTestng.TestClass" name="Test3" time="0.203">
    <error message="Method listenerInTestng.TestClass.Test3() didn&#039;t finish within the time-out 200" type="org.testng.internal.thread.ThreadTimeoutException">
      <![CDATA[org.testng.internal.thread.ThreadTimeoutException: Method listenerInTestng.TestClass.Test3() didn't finish within the time-out 200
at java.base@11.0.21/java.lang.Thread.sleep(Native Method)
at app//listenerInTestng.TestClass.Test3(TestClass.java:22)
at java.base@11.0.21/jdk.internal.reflect.NativeMethodAccessorImpl.invoke0(Native Method)
at java.base@11.0.21/jdk.internal.reflect.NativeMethodAccessorImpl.invoke(NativeMethodAccessorImpl.java:62)
at java.base@11.0.21/jdk.internal.reflect.DelegatingMethodAccessorImpl.invoke(DelegatingMethodAccessorImpl.java:43)
at java.base@11.0.21/java.lang.reflect.Method.invoke(Method.java:566)
at app//org.testng.internal.invokers.MethodInvocationHelper.invokeMethod(MethodInvocationHelper.java:136)
at app//org.testng.internal.invokers.InvokeMethodRunnable.runOne(InvokeMethodRunnable.java:44)
at app//org.testng.internal.invokers.InvokeMethodRunnable.call(InvokeMethodRunnable.java:72)
at app//org.testng.internal.invokers.InvokeMethodRunnable.call(InvokeMethodRunnable.java:10)
at java.base@11.0.21/java.util.concurrent.FutureTask.run(FutureTask.java:264)
at java.base@11.0.21/java.util.concurrent.ThreadPoolExecutor.runWorker(ThreadPoolExecutor.java:1128)
at java.base@11.0.21/java.util.concurrent.ThreadPoolExecutor$Worker.run(ThreadPoolExecutor.java:628)
at java.base@11.0.21/java.lang.Thread.run(Thread.java:834)
]]>
    </error>
  </testcase> <!-- Test3 -->
  <system-out/>
  <testcase classname="listenerInTestng.TestClass" name="Test4" time="0.000">
    <skipped/>
  </testcase> <!-- Test4 -->
  <system-out/>
</testsuite> <!-- listenerInTestng.TestClass -->
