<?xml version="1.0" encoding="UTF-8"?>
<!-- Generated by org.testng.reporters.JUnitReportReporter -->
<testsuite hostname="LAPTOP-5OG2MH5D" failures="0" tests="5" name="enableDesableInTestng.Test1" time="0.000" errors="0" timestamp="2024-09-14T13:27:10 IST" skipped="1">
  <testcase classname="enableDesableInTestng.Test1" name="TC001" time="0.000"/>
  <system-out/>
  <testcase classname="enableDesableInTestng.Test1" name="TC002" time="0.000"/>
  <system-out/>
  <testcase classname="enableDesableInTestng.Test1" name="TC004" time="0.000"/>
  <system-out/>
  <testcase classname="enableDesableInTestng.Test1" name="TC005" time="0.000"/>
  <system-out/>
  <testcase classname="enableDesableInTestng.Test1" name="TC003">
    <skipped/>
  </testcase> <!-- TC003 -->
  <system-out/>
</testsuite> <!-- enableDesableInTestng.Test1 -->
