<?xml version="1.0" encoding="UTF-8"?>
<!-- Generated by org.testng.reporters.JUnitReportReporter -->
<testsuite hostname="LAPTOP-5OG2MH5D" failures="0" tests="4" name="dataProviderInTestng.TestFireDataUserWithExcel" time="24.037" errors="0" timestamp="2024-09-14T13:27:10 IST" skipped="0">
  <testcase classname="dataProviderInTestng.TestFireDataUserWithExcel" name="Login" time="5.668"/>
  <system-out/>
  <testcase classname="dataProviderInTestng.TestFireDataUserWithExcel" name="Login" time="6.871"/>
  <system-out/>
  <testcase classname="dataProviderInTestng.TestFireDataUserWithExcel" name="Login" time="5.977"/>
  <system-out/>
  <testcase classname="dataProviderInTestng.TestFireDataUserWithExcel" name="Login" time="5.521"/>
  <system-out/>
</testsuite> <!-- dataProviderInTestng.TestFireDataUserWithExcel -->
