<?xml version="1.0" encoding="UTF-8"?>
<!-- Generated by org.testng.reporters.JUnitReportReporter -->
<testsuite hostname="LAPTOP-5OG2MH5D" failures="0" tests="1" name="testNGCode.NewTest" time="0.001" errors="0" timestamp="2024-09-14T13:27:10 IST" skipped="0">
  <testcase classname="testNGCode.NewTest" name="f" time="0.001"/>
  <system-out/>
</testsuite> <!-- testNGCode.NewTest -->
