<?xml version="1.0" encoding="UTF-8"?>
<!-- Generated by org.testng.reporters.JUnitReportReporter -->
<testsuite hostname="LAPTOP-5OG2MH5D" failures="0" tests="3" name="ignoreInTestng.ScenarioTest" time="23.873" errors="0" timestamp="2024-09-14T13:27:10 IST" skipped="0">
  <testcase classname="ignoreInTestng.ScenarioTest" name="scroll" time="2.195"/>
  <system-out/>
  <testcase classname="ignoreInTestng.ScenarioTest" name="frame" time="15.631"/>
  <system-out/>
  <testcase classname="ignoreInTestng.ScenarioTest" name="windowhandle" time="6.047"/>
  <system-out/>
</testsuite> <!-- ignoreInTestng.ScenarioTest -->
